<?xml version="1.0" encoding="UTF-8"?>
<testng-results skipped="0" failed="1" ignored="0" total="2" passed="1">
  <reporter-output>
  </reporter-output>
  <suite name="收银机2.0自动化测试" duration-ms="66438" started-at="2017-10-25T10:25:01Z" finished-at="2017-10-25T10:26:07Z">
    <groups>
    </groups>
    <test name="查询会员" duration-ms="33490" started-at="2017-10-25T10:25:01Z" finished-at="2017-10-25T10:25:34Z">
      <class name="com.testng.QueryMember">
        <test-method status="PASS" signature="Start(java.lang.String)[pri:0, instance:com.testng.QueryMember@4abdb505]" name="Start" duration-ms="32030" started-at="2017-10-25T18:25:01Z" finished-at="2017-10-25T18:25:33Z">
          <params>
            <param index="0">
              <value>
                <![CDATA[config.properties]]>
              </value>
            </param>
          </params>
          <reporter-output>
          </reporter-output>
        </test-method> <!-- Start -->
        <test-method status="PASS" signature="afterClass()[pri:0, instance:com.testng.QueryMember@4abdb505]" name="afterClass" is-config="true" duration-ms="1415" started-at="2017-10-25T18:25:33Z" finished-at="2017-10-25T18:25:34Z">
          <reporter-output>
          </reporter-output>
        </test-method> <!-- afterClass -->
      </class> <!-- com.testng.QueryMember -->
    </test> <!-- 查询会员 -->
    <test name="点菜结账流程" duration-ms="66438" started-at="2017-10-25T10:25:01Z" finished-at="2017-10-25T10:26:07Z">
      <class name="com.testng.BydLogin">
        <test-method status="FAIL" signature="Start(java.lang.String)[pri:0, instance:com.testng.BydLogin@4d50efb8]" name="Start" duration-ms="64985" started-at="2017-10-25T18:25:01Z" finished-at="2017-10-25T18:26:06Z">
          <params>
            <param index="0">
              <value>
                <![CDATA[config.properties]]>
              </value>
            </param>
          </params>
          <exception class="java.lang.AssertionError">
            <message>
              <![CDATA[异常unknown error: Element <div class="normal disabled">...</div> is not clickable at point (64, 591). Other element would receive the click: <div tabindex="-1" class="ant-modal-wrap vertical-center-modal" role="dialog" aria-labelledby="rcDialogTitle1">...</div>
  (Session info: chrome=62.0.3202.62)
  (Driver info: chromedriver=2.33.506120 (e3e53437346286c0bc2d2dc9aa4915ba81d9023f),platform=Windows NT 10.0.14393 x86_64) (WARNING: The server did not provide any stacktrace information)
Command duration or timeout: 82 milliseconds
Build info: version: '2.39.0', revision: 'ff23eac', time: '2013-12-16 16:12:12'
System info: host: 'HuPan-PC', ip: '192.168.6.211', os.name: 'Windows 10', os.arch: 'amd64', os.version: '10.0', java.version: '1.8.0_121'
Driver info: org.openqa.selenium.chrome.ChromeDriver
Capabilities [{applicationCacheEnabled=false, rotatable=false, mobileEmulationEnabled=false, networkConnectionEnabled=false, chrome={chromedriverVersion=2.33.506120 (e3e53437346286c0bc2d2dc9aa4915ba81d9023f), userDataDir=C:\Users\Liuxin\AppData\Local\Temp\scoped_dir5512_22084}, takesHeapSnapshot=true, pageLoadStrategy=normal, databaseEnabled=false, handlesAlerts=true, hasTouchScreen=false, version=62.0.3202.62, platform=XP, browserConnectionEnabled=false, nativeEvents=true, acceptSslCerts=true, locationContextEnabled=true, webStorageEnabled=true, browserName=chrome, takesScreenshot=true, javascriptEnabled=true, cssSelectorsEnabled=true, setWindowRect=true, unexpectedAlertBehaviour=}]
Session ID: db9eae03c8ca08012b40233c8175de18]]>
            </message>
            <full-stacktrace>
              <![CDATA[java.lang.AssertionError: 异常unknown error: Element <div class="normal disabled">...</div> is not clickable at point (64, 591). Other element would receive the click: <div tabindex="-1" class="ant-modal-wrap vertical-center-modal" role="dialog" aria-labelledby="rcDialogTitle1">...</div>
  (Session info: chrome=62.0.3202.62)
  (Driver info: chromedriver=2.33.506120 (e3e53437346286c0bc2d2dc9aa4915ba81d9023f),platform=Windows NT 10.0.14393 x86_64) (WARNING: The server did not provide any stacktrace information)
Command duration or timeout: 82 milliseconds
Build info: version: '2.39.0', revision: 'ff23eac', time: '2013-12-16 16:12:12'
System info: host: 'HuPan-PC', ip: '192.168.6.211', os.name: 'Windows 10', os.arch: 'amd64', os.version: '10.0', java.version: '1.8.0_121'
Driver info: org.openqa.selenium.chrome.ChromeDriver
Capabilities [{applicationCacheEnabled=false, rotatable=false, mobileEmulationEnabled=false, networkConnectionEnabled=false, chrome={chromedriverVersion=2.33.506120 (e3e53437346286c0bc2d2dc9aa4915ba81d9023f), userDataDir=C:\Users\Liuxin\AppData\Local\Temp\scoped_dir5512_22084}, takesHeapSnapshot=true, pageLoadStrategy=normal, databaseEnabled=false, handlesAlerts=true, hasTouchScreen=false, version=62.0.3202.62, platform=XP, browserConnectionEnabled=false, nativeEvents=true, acceptSslCerts=true, locationContextEnabled=true, webStorageEnabled=true, browserName=chrome, takesScreenshot=true, javascriptEnabled=true, cssSelectorsEnabled=true, setWindowRect=true, unexpectedAlertBehaviour=}]
Session ID: db9eae03c8ca08012b40233c8175de18
	at org.testng.Assert.fail(Assert.java:93)
	at com.testng.BydLogin.Start(BydLogin.java:67)
	at sun.reflect.NativeMethodAccessorImpl.invoke0(Native Method)
	at sun.reflect.NativeMethodAccessorImpl.invoke(Unknown Source)
	at sun.reflect.DelegatingMethodAccessorImpl.invoke(Unknown Source)
	at java.lang.reflect.Method.invoke(Unknown Source)
	at org.testng.internal.MethodInvocationHelper.invokeMethod(MethodInvocationHelper.java:108)
	at org.testng.internal.Invoker.invokeMethod(Invoker.java:661)
	at org.testng.internal.Invoker.invokeTestMethod(Invoker.java:869)
	at org.testng.internal.Invoker.invokeTestMethods(Invoker.java:1193)
	at org.testng.internal.TestMethodWorker.invokeTestMethods(TestMethodWorker.java:126)
	at org.testng.internal.TestMethodWorker.run(TestMethodWorker.java:109)
	at org.testng.TestRunner.privateRun(TestRunner.java:744)
	at org.testng.TestRunner.run(TestRunner.java:602)
	at org.testng.SuiteRunner.runTest(SuiteRunner.java:380)
	at org.testng.SuiteRunner.access$000(SuiteRunner.java:39)
	at org.testng.SuiteRunner$SuiteWorker.run(SuiteRunner.java:414)
	at org.testng.internal.thread.ThreadUtil$1.call(ThreadUtil.java:52)
	at java.util.concurrent.FutureTask.run(Unknown Source)
	at java.util.concurrent.ThreadPoolExecutor.runWorker(Unknown Source)
	at java.util.concurrent.ThreadPoolExecutor$Worker.run(Unknown Source)
	at java.lang.Thread.run(Unknown Source)
]]>
            </full-stacktrace>
          </exception> <!-- java.lang.AssertionError -->
          <reporter-output>
          </reporter-output>
        </test-method> <!-- Start -->
        <test-method status="PASS" signature="afterClass()[pri:0, instance:com.testng.BydLogin@4d50efb8]" name="afterClass" is-config="true" duration-ms="1407" started-at="2017-10-25T18:26:06Z" finished-at="2017-10-25T18:26:07Z">
          <reporter-output>
          </reporter-output>
        </test-method> <!-- afterClass -->
      </class> <!-- com.testng.BydLogin -->
    </test> <!-- 点菜结账流程 -->
  </suite> <!-- 收银机2.0自动化测试 -->
</testng-results>
